#
# A fatal error has been detected by the Java Runtime Environment:
#
#  EXCEPTION_ACCESS_VIOLATION (0xc0000005) at pc=0x1568c735, pid=17872, tid=2272
#
# JRE version: Java(TM) SE Runtime Environment (8.0_71-b15) (build 1.8.0_71-b15)
# Java VM: Java HotSpot(TM) Client VM (25.71-b15 mixed mode windows-x86 )
# Problematic frame:
# C  [ig7icd32.dll+0x7c735]
#
# Failed to write core dump. Minidumps are not enabled by default on client versions of Windows
#
# If you would like to submit a bug report, please visit:
#   http://bugreport.java.com/bugreport/crash.jsp
# The crash happened outside the Java Virtual Machine in native code.
# See problematic frame for where to report the bug.
#

---------------  T H R E A D  ---------------

Current thread (0x00a9c800):  JavaThread "main" [_thread_in_native, id=2272, stack(0x00aa0000,0x00af0000)]

siginfo: ExceptionCode=0xc0000005, reading address 0x00000000

Registers:
EAX=0x00000004, EBX=0x00000010, ECX=0x00000000, EDX=0x00000000
ESP=0x00aecb3c, EBP=0x00aecb44, ESI=0x00000040, EDI=0x17709000
EIP=0x1568c735, EFLAGS=0x00010202

Top of Stack: (sp=0x00aecb3c)
0x00aecb3c:   00aecf8c 154b0080 00aed428 1574ebd7
0x00aecb4c:   00000040 154b0080 15510140 00aef550
0x00aecb5c:   af9cf850 dc08221d 2750d1dd 50787bba
0x00aecb6c:   1aebefdb 2dc4f11b d58f156a 165b5470
0x00aecb7c:   dbda05da 4eba9ebc 7b487531 aae8e875
0x00aecb8c:   c41af147 07bfac43 3b5b7835 73c4eb3a
0x00aecb9c:   5b4ebc3d 3c76b68c b5cbedc6 bd7f92ea
0x00aecbac:   df8f1536 8bb7b752 83787a7a 76f46ae6 

Instructions: (pc=0x1568c735)
0x1568c715:   57 50 66 0f e7 4f 60 66 0f e7 47 70 83 ef 80 48
0x1568c725:   75 a9 83 e6 7f 74 1a 8b c6 c1 e8 04 85 c0 74 11
0x1568c735:   66 0f 6f 02 83 c2 10 66 0f e7 07 83 c7 10 48 75
0x1568c745:   ef 83 e6 0f 74 30 8b ce c1 e9 02 85 c9 74 0d 8b 


Register to memory mapping:

EAX=0x00000004 is an unknown value
EBX=0x00000010 is an unknown value
ECX=0x00000000 is an unknown value
EDX=0x00000000 is an unknown value
ESP=0x00aecb3c is pointing into the stack for thread: 0x00a9c800
EBP=0x00aecb44 is pointing into the stack for thread: 0x00a9c800
ESI=0x00000040 is an unknown value
EDI=0x17709000 is an unknown value


Stack: [0x00aa0000,0x00af0000],  sp=0x00aecb3c,  free space=306k
Native frames: (J=compiled Java code, j=interpreted, Vv=VM code, C=native code)
C  [ig7icd32.dll+0x7c735]
C  [ig7icd32.dll+0x13ebd7]
C  [ig7icd32.dll+0x1c0a63]
C  [ig7icd32.dll+0x5a139]
C  [ig7icd32.dll+0x1ec3c7]
C  [ig7icd32.dll+0x7bbcd]
C  [ig7icd32.dll+0x23ed24]
C  [ig7icd32.dll+0x23f054]
C  [ig7icd32.dll+0x2407cd]
C  [lwjgl.dll+0x8508]
j  org.lwjgl.opengl.GL11.glDrawElements(IIIJ)V+28
j  renderEngine.Renderer.render(Lmodels/TexturedModel;)V+47
j  engineTester.MainGameLoop.main([Ljava/lang/String;)V+215
v  ~StubRoutines::call_stub
V  [jvm.dll+0x158bf5]
V  [jvm.dll+0x21e0be]
V  [jvm.dll+0x158c8e]
V  [jvm.dll+0xdaca7]
V  [jvm.dll+0xe323f]
C  [javaw.exe+0x229a]
C  [javaw.exe+0xaebf]
C  [javaw.exe+0xaf49]
C  [KERNEL32.DLL+0x138f4]
C  [ntdll.dll+0x65de3]
C  [ntdll.dll+0x65dae]
C  0x00000000

Java frames: (J=compiled Java code, j=interpreted, Vv=VM code)
j  org.lwjgl.opengl.GL11.nglDrawElementsBO(IIIJJ)V+0
j  org.lwjgl.opengl.GL11.glDrawElements(IIIJ)V+28
j  renderEngine.Renderer.render(Lmodels/TexturedModel;)V+47
j  engineTester.MainGameLoop.main([Ljava/lang/String;)V+215
v  ~StubRoutines::call_stub

---------------  P R O C E S S  ---------------

Java Threads: ( => current thread )
  0x148c3400 JavaThread "Service Thread" daemon [_thread_blocked, id=11296, stack(0x15220000,0x15270000)]
  0x148ae800 JavaThread "C1 CompilerThread0" daemon [_thread_blocked, id=9080, stack(0x15190000,0x151e0000)]
  0x148a0c00 JavaThread "JDWP Command Reader" daemon [_thread_in_native, id=18088, stack(0x15100000,0x15150000)]
  0x1489d800 JavaThread "JDWP Event Helper Thread" daemon [_thread_blocked, id=4436, stack(0x15070000,0x150c0000)]
  0x1489b000 JavaThread "JDWP Transport Listener: dt_socket" daemon [_thread_blocked, id=17464, stack(0x14fe0000,0x15030000)]
  0x1488d000 JavaThread "Attach Listener" daemon [_thread_blocked, id=2188, stack(0x14bd0000,0x14c20000)]
  0x1488b000 JavaThread "Signal Dispatcher" daemon [_thread_blocked, id=13664, stack(0x14b40000,0x14b90000)]
  0x14868800 JavaThread "Finalizer" daemon [_thread_blocked, id=9476, stack(0x04350000,0x043a0000)]
  0x14863c00 JavaThread "Reference Handler" daemon [_thread_blocked, id=7288, stack(0x042c0000,0x04310000)]
=>0x00a9c800 JavaThread "main" [_thread_in_native, id=2272, stack(0x00aa0000,0x00af0000)]

Other Threads:
  0x00c5e400 VMThread [stack: 0x00c60000,0x00cb0000] [id=19092]
  0x148ce400 WatcherThread [stack: 0x152b0000,0x15300000] [id=19468]

VM state:not at safepoint (normal execution)

VM Mutex/Monitor currently owned by a thread: None

Heap:
 def new generation   total 4928K, used 2674K [0x04400000, 0x04950000, 0x09950000)
  eden space 4416K,  48% used [0x04400000, 0x0461c8c0, 0x04850000)
  from space 512K, 100% used [0x048d0000, 0x04950000, 0x04950000)
  to   space 512K,   0% used [0x04850000, 0x04850000, 0x048d0000)
 tenured generation   total 10944K, used 952K [0x09950000, 0x0a400000, 0x14400000)
   the space 10944K,   8% used [0x09950000, 0x09a3e0b0, 0x09a3e200, 0x0a400000)
 Metaspace       used 3317K, capacity 3329K, committed 3392K, reserved 4480K

Card table byte_map: [0x02170000,0x02200000] byte_map_base: 0x0214e000

Polling page: 0x00a70000

CodeCache: size=32768Kb used=827Kb max_used=827Kb free=31940Kb
 bounds [0x022c0000, 0x02390000, 0x042c0000]
 total_blobs=292 nmethods=85 adapters=146
 compilation: enabled

Compilation events (10 events):
Event: 29.123 Thread 0x148ae800   80             java.nio.Bits::copyFromArray (70 bytes)
Event: 29.123 Thread 0x148ae800 nmethod 80 0x0238b048 code [0x0238b150, 0x0238b35c]
Event: 29.130 Thread 0x148ae800   81   !         org.newdawn.slick.opengl.PNGDecoder::readChunkUnzip (122 bytes)
Event: 29.130 Thread 0x148ae800 nmethod 81 0x0238b408 code [0x0238b5d0, 0x0238bd98]
Event: 29.149 Thread 0x148ae800   83             java.nio.DirectByteBuffer::get (16 bytes)
Event: 29.149 Thread 0x148ae800 nmethod 83 0x0238c8c8 code [0x0238c9c0, 0x0238ca60]
Event: 29.152 Thread 0x148ae800   84 %           org.newdawn.slick.opengl.PNGImageData::loadImage @ 345 (786 bytes)
Event: 29.154 Thread 0x148ae800 nmethod 84% 0x0238cb48 code [0x0238ce10, 0x0238dce4]
Event: 47.218 Thread 0x148ae800   85             java.lang.String::indexOf (7 bytes)
Event: 47.218 Thread 0x148ae800 nmethod 85 0x0238eac8 code [0x0238ebc0, 0x0238ec6c]

GC Heap History (2 events):
Event: 29.033 GC heap before
{Heap before GC invocations=0 (full 0):
 def new generation   total 4928K, used 4415K [0x04400000, 0x04950000, 0x09950000)
  eden space 4416K,  99% used [0x04400000, 0x0484fff0, 0x04850000)
  from space 512K,   0% used [0x04850000, 0x04850000, 0x048d0000)
  to   space 512K,   0% used [0x048d0000, 0x048d0000, 0x04950000)
 tenured generation   total 10944K, used 0K [0x09950000, 0x0a400000, 0x14400000)
   the space 10944K,   0% used [0x09950000, 0x09950000, 0x09950200, 0x0a400000)
 Metaspace       used 3147K, capacity 3201K, committed 3264K, reserved 4480K
Event: 29.036 GC heap after
Heap after GC invocations=1 (full 0):
 def new generation   total 4928K, used 512K [0x04400000, 0x04950000, 0x09950000)
  eden space 4416K,   0% used [0x04400000, 0x04400000, 0x04850000)
  from space 512K, 100% used [0x048d0000, 0x04950000, 0x04950000)
  to   space 512K,   0% used [0x04850000, 0x04850000, 0x048d0000)
 tenured generation   total 10944K, used 952K [0x09950000, 0x0a400000, 0x14400000)
   the space 10944K,   8% used [0x09950000, 0x09a3e0b0, 0x09a3e200, 0x0a400000)
 Metaspace       used 3147K, capacity 3201K, committed 3264K, reserved 4480K
}

Deoptimization events (0 events):
No events

Internal exceptions (6 events):
Event: 0.155 Thread 0x00a9c800 Exception <a 'java/lang/NoSuchMethodError': Method sun.misc.Unsafe.defineClass(Ljava/lang/String;[BII)Ljava/lang/Class; name or signature does not match> (0x0440b4f8) thrown at [C:\re\workspace\8-2-build-windows-i586-cygwin\jdk8u71\5731\hotspot\src\share\vè§ ‘ÍÃ?
Event: 0.155 Thread 0x00a9c800 Exception <a 'java/lang/NoSuchMethodError': Method sun.misc.Unsafe.prefetchRead(Ljava/lang/Object;J)V name or signature does not match> (0x0440b7c8) thrown at [C:\re\workspace\8-2-build-windows-i586-cygwin\jdk8u71\5731\hotspot\src\share\vm\prims\jni.cpp, lgnŒÀ³þ<@
Event: 28.995 Thread 0x00a9c800 Exception <a 'java/security/PrivilegedActionException'> (0x04829598) thrown at [C:\re\workspace\8-2-build-windows-i586-cygwin\jdk8u71\5731\hotspot\src\share\vm\prims\jvm.cpp, line 1386]
Event: 28.995 Thread 0x00a9c800 Exception <a 'java/security/PrivilegedActionException'> (0x04829978) thrown at [C:\re\workspace\8-2-build-windows-i586-cygwin\jdk8u71\5731\hotspot\src\share\vm\prims\jvm.cpp, line 1386]
Event: 29.004 Thread 0x00a9c800 Exception <a 'java/security/PrivilegedActionException'> (0x0482ddc0) thrown at [C:\re\workspace\8-2-build-windows-i586-cygwin\jdk8u71\5731\hotspot\src\share\vm\prims\jvm.cpp, line 1386]
Event: 29.005 Thread 0x00a9c800 Exception <a 'java/security/PrivilegedActionException'> (0x0482e1a0) thrown at [C:\re\workspace\8-2-build-windows-i586-cygwin\jdk8u71\5731\hotspot\src\share\vm\prims\jvm.cpp, line 1386]

Events (10 events):
Event: 87.611 Executing VM operation: ChangeSingleStep
Event: 87.611 Executing VM operation: ChangeSingleStep done
Event: 87.614 Executing VM operation: ChangeSingleStep
Event: 87.614 Executing VM operation: ChangeSingleStep done
Event: 87.614 Executing VM operation: GetCurrentLocation
Event: 87.614 Executing VM operation: GetCurrentLocation done
Event: 87.614 Executing VM operation: ChangeSingleStep
Event: 87.614 Executing VM operation: ChangeSingleStep done
Event: 87.614 Executing VM operation: ChangeSingleStep
Event: 87.614 Executing VM operation: ChangeSingleStep done


Dynamic libraries:
0x00cb0000 - 0x00ce3000 	C:\Program Files (x86)\Java\jdk1.8.0_71\jre\bin\javaw.exe
0x772c0000 - 0x7743b000 	C:\WINDOWS\SYSTEM32\ntdll.dll
0x74570000 - 0x74650000 	C:\WINDOWS\SYSTEM32\KERNEL32.DLL
0x74c10000 - 0x74d8e000 	C:\WINDOWS\SYSTEM32\KERNELBASE.dll
0x76d00000 - 0x76d7b000 	C:\WINDOWS\SYSTEM32\ADVAPI32.dll
0x74f00000 - 0x74fbe000 	C:\WINDOWS\SYSTEM32\msvcrt.dll
0x76d80000 - 0x76dc4000 	C:\WINDOWS\SYSTEM32\sechost.dll
0x74750000 - 0x747fd000 	C:\WINDOWS\SYSTEM32\RPCRT4.dll
0x73ff0000 - 0x7400e000 	C:\WINDOWS\SYSTEM32\SspiCli.dll
0x73fe0000 - 0x73fea000 	C:\WINDOWS\SYSTEM32\CRYPTBASE.dll
0x76be0000 - 0x76c38000 	C:\WINDOWS\SYSTEM32\bcryptPrimitives.dll
0x74da0000 - 0x74ee7000 	C:\WINDOWS\SYSTEM32\USER32.dll
0x74fc0000 - 0x7510f000 	C:\WINDOWS\SYSTEM32\GDI32.dll
0x6cb20000 - 0x6cd2f000 	C:\WINDOWS\WinSxS\x86_microsoft.windows.common-controls_6595b64144ccf1df_6.0.10586.0_none_d3c2e4e965da4528\COMCTL32.dll
0x76dd0000 - 0x76f8d000 	C:\WINDOWS\SYSTEM32\combase.dll
0x75120000 - 0x7514b000 	C:\WINDOWS\SYSTEM32\IMM32.DLL
0x50fc0000 - 0x5107f000 	C:\Program Files (x86)\Java\jdk1.8.0_71\jre\bin\msvcr100.dll
0x50bf0000 - 0x50fb8000 	C:\Program Files (x86)\Java\jdk1.8.0_71\jre\bin\client\jvm.dll
0x75110000 - 0x75116000 	C:\WINDOWS\SYSTEM32\PSAPI.DLL
0x73900000 - 0x73908000 	C:\WINDOWS\SYSTEM32\WSOCK32.dll
0x736d0000 - 0x736d8000 	C:\WINDOWS\SYSTEM32\VERSION.dll
0x739b0000 - 0x739d4000 	C:\WINDOWS\SYSTEM32\WINMM.dll
0x74010000 - 0x7406f000 	C:\WINDOWS\SYSTEM32\WS2_32.dll
0x73980000 - 0x739a3000 	C:\WINDOWS\SYSTEM32\WINMMBASE.dll
0x76a30000 - 0x76a67000 	C:\WINDOWS\SYSTEM32\cfgmgr32.dll
0x5d840000 - 0x5d84c000 	C:\Program Files (x86)\Java\jdk1.8.0_71\jre\bin\verify.dll
0x516a0000 - 0x516c1000 	C:\Program Files (x86)\Java\jdk1.8.0_71\jre\bin\java.dll
0x50bc0000 - 0x50be9000 	C:\Program Files (x86)\Java\jdk1.8.0_71\jre\bin\jdwp.dll
0x51690000 - 0x51697000 	C:\Program Files (x86)\Java\jdk1.8.0_71\jre\bin\npt.dll
0x50ba0000 - 0x50bb3000 	C:\Program Files (x86)\Java\jdk1.8.0_71\jre\bin\zip.dll
0x75150000 - 0x7654e000 	C:\WINDOWS\SYSTEM32\SHELL32.dll
0x74070000 - 0x7456a000 	C:\WINDOWS\SYSTEM32\windows.storage.dll
0x74650000 - 0x74695000 	C:\WINDOWS\SYSTEM32\shlwapi.dll
0x76cf0000 - 0x76cfc000 	C:\WINDOWS\SYSTEM32\kernel.appcore.dll
0x76f90000 - 0x7701d000 	C:\WINDOWS\SYSTEM32\shcore.dll
0x76550000 - 0x76594000 	C:\WINDOWS\SYSTEM32\powrprof.dll
0x76ce0000 - 0x76cef000 	C:\WINDOWS\SYSTEM32\profapi.dll
0x50b90000 - 0x50b98000 	C:\Program Files (x86)\Java\jdk1.8.0_71\jre\bin\dt_socket.dll
0x70a80000 - 0x70a92000 	C:\WINDOWS\system32\napinsp.dll
0x709a0000 - 0x709b6000 	C:\WINDOWS\system32\pnrpnsp.dll
0x70980000 - 0x70994000 	C:\WINDOWS\system32\NLAapi.dll
0x73c20000 - 0x73c6f000 	C:\WINDOWS\System32\mswsock.dll
0x73850000 - 0x738d4000 	C:\WINDOWS\SYSTEM32\DNSAPI.dll
0x76700000 - 0x76707000 	C:\WINDOWS\SYSTEM32\NSI.dll
0x70970000 - 0x7097b000 	C:\WINDOWS\System32\winrnr.dll
0x70880000 - 0x70891000 	C:\WINDOWS\System32\wshbth.dll
0x73be0000 - 0x73c01000 	C:\Program Files (x86)\Bonjour\mdnsNSP.dll
0x730e0000 - 0x7310f000 	C:\WINDOWS\SYSTEM32\Iphlpapi.DLL
0x73b80000 - 0x73bc7000 	C:\WINDOWS\System32\fwpuclnt.dll
0x737b0000 - 0x737cb000 	C:\WINDOWS\SYSTEM32\bcrypt.dll
0x73bd0000 - 0x73bd8000 	C:\Windows\System32\rasadhlp.dll
0x15300000 - 0x1534f000 	C:\Users\John\workspace\Libraries\lwjgl-2.9.3\native\windows\lwjgl.dll
0x50ab0000 - 0x50b90000 	C:\WINDOWS\SYSTEM32\OPENGL32.dll
0x509c0000 - 0x50aae000 	C:\WINDOWS\SYSTEM32\DDRAW.dll
0x50990000 - 0x509b5000 	C:\WINDOWS\SYSTEM32\GLU32.dll
0x50980000 - 0x50987000 	C:\WINDOWS\SYSTEM32\DCIMAN32.dll
0x73ea0000 - 0x73f15000 	C:\WINDOWS\system32\uxtheme.dll
0x77020000 - 0x7713f000 	C:\WINDOWS\SYSTEM32\MSCTF.dll
0x67fc0000 - 0x67fdd000 	C:\WINDOWS\system32\dwmapi.dll
0x15610000 - 0x15c55000 	C:\WINDOWS\SYSTEM32\ig7icd32.dll
0x62f70000 - 0x632e5000 	C:\WINDOWS\SYSTEM32\igdusc32.dll
0x73700000 - 0x7370f000 	C:\WINDOWS\SYSTEM32\WTSAPI32.dll
0x567f0000 - 0x5686f000 	C:\WINDOWS\SYSTEM32\mscms.dll
0x736e0000 - 0x736f9000 	C:\WINDOWS\SYSTEM32\USERENV.dll
0x5dd30000 - 0x5dd6c000 	C:\WINDOWS\SYSTEM32\icm32.dll
0x50830000 - 0x50975000 	C:\Program Files (x86)\Java\jdk1.8.0_71\jre\bin\awt.dll
0x76c40000 - 0x76cd2000 	C:\WINDOWS\SYSTEM32\OLEAUT32.dll
0x6d4f0000 - 0x6d582000 	C:\WINDOWS\system32\apphelp.dll
0x733b0000 - 0x734ef000 	C:\WINDOWS\SYSTEM32\dbghelp.dll

VM Arguments:
jvm_args: -agentlib:jdwp=transport=dt_socket,suspend=y,address=localhost:56378 -Djava.library.path=C:\Users\John\workspace\Libraries\lwjgl-2.9.3\native\windows -Dfile.encoding=Cp1252 
java_command: engineTester.MainGameLoop
java_class_path (initial): C:\Users\John\workspace\3DGameEngine\bin;C:\Users\John\workspace\Libraries\lwjgl-2.9.3\jar\lwjgl.jar;C:\Users\John\workspace\Libraries\slick-util\slick-util.jar
Launcher Type: SUN_STANDARD

Environment Variables:
CLASSPATH=.;C:\PROGRA~2\Griaule\FINGER~1\bin\GRFING~1.JAR;C:\PROGRA~2\Griaule\GRIAUL~1.0\bin\GRIAUL~1.JAR
PATH=C:\Program Files (x86)\Java\jdk1.8.0_71\jre\bin;C:\Python27\Lib\site-packages\PyQt4;C:\ProgramData\Oracle\Java\javapath;C:\Program Files (x86)\Intel\iCLS Client\;C:\Program Files\Intel\iCLS Client\;C:\WINDOWS\system32;C:\WINDOWS;C:\WINDOWS\System32\Wbem;C:\WINDOWS\System32\WindowsPowerShell\v1.0\;C:\Program Files\Intel\Intel(R) Management Engine Components\DAL;C:\Program Files (x86)\Intel\Intel(R) Management Engine Components\DAL;C:\Program Files\Intel\Intel(R) Management Engine Components\IPT;C:\Program Files (x86)\Intel\Intel(R) Management Engine Components\IPT;C:\Program Files (x86)\Neurotechnology\FreeFingerprintVerificationSDK 1.0\bin\Win32_x86;C:\Program Files (x86)\GtkSharp\2.12\bin;C:\PROGRA~2\Griaule\FINGER~1\bin;C:\Program Files (x86)\Skype\Phone\;C:\PROGRA~2\Griaule\GRIAUL~1.0\bin;C:\Program Files\Microsoft SQL Server\120\Tools\Binn\;C:\Program Files\Microsoft SQL Server\Client SDK\ODBC\110\Tools\Binn\;C:\Program Files (x86)\Microsoft SQL Server\120\Tools\Binn\;C:\Program Files\Microsoft SQL Server\120\DTS\Binn\;C:\Program Files (x86)\Microsoft SQL Server\120\Tools\Binn\ManagementStudio\;C:\Program Files (x86)\Microsoft SQL Server\120\DTS\Binn\;C:\Program Files (x86)\Windows Kits\10\Windows Performance Toolkit\;C:\Program Files\TortoiseSVN\bin;C:\Program Files\TortoiseHg\;C:\Python27;C:\Python27\DLLs;C:\Python27\Scripts;C:\Python27\gnuplot\binary;C:\Program Files (x86)\pythonxy\SciTE-3.5.1-4;C:\Program Files (x86)\pythonxy\console;C:\Program Files\MATLAB\R2016a\bin;C:\Program Files\Git\cmd;C:\Program Files\Perforce;C:\Program Files\Perforce\DVCS\;C:\HashiCorp\Vagrant\bin;C:\Users\John\.dnx\bin
USERNAME=John
OS=Windows_NT
PROCESSOR_IDENTIFIER=Intel64 Family 6 Model 58 Stepping 9, GenuineIntel



---------------  S Y S T E M  ---------------

OS: Windows 10.0 , 64 bit Build 10586 (10.0.10586.0)

CPU:total 4 (2 cores per cpu, 2 threads per core) family 6 model 58 stepping 9, cmov, cx8, fxsr, mmx, sse, sse2, sse3, ssse3, sse4.1, sse4.2, popcnt, avx, aes, clmul, erms, ht, tsc, tscinvbit, tscinv

Memory: 4k page, physical 8293064k(2694484k free), swap 18778824k(9593504k free)

vm_info: Java HotSpot(TM) Client VM (25.71-b15) for windows-x86 JRE (1.8.0_71-b15), built on Dec 22 2015 17:22:59 by "java_re" with MS VC++ 10.0 (VS2010)

time: Sat May 07 19:58:12 2016
elapsed time: 87 seconds (0d 0h 1m 27s)

